<?xml version="1.0" encoding="UTF-8"?>
<testsuite name="Cucumber" time="8.095" tests="1" skipped="0" failures="1" errors="0">
<testcase classname="This feature is to test the login page of Test automation online website" name="This Scenario is to test the login and logout" time="7.833">
<failure type="java.lang.AssertionError" message="no such element: Unable to locate element: {&quot;method&quot;:&quot;tag name&quot;,&quot;selector&quot;:&quot;h1&quot;}
  (Session info: chrome=115.0.5790.173)
For documentation on this error, please visit: https://www.selenium.dev/documentation/webdriver/troubleshooting/errors#no-such-element-exception
Build info: version: '4.11.0', revision: '040bc5406b'
System info: os.name: 'Windows 11', os.arch: 'amd64', os.version: '10.0', java.version: '17.0.8'
Driver info: org.openqa.selenium.chrome.ChromeDriver
Command: [6b175403ea52024c4f28944cdf1528a3, findElement {using=tag name, value=h1}]
Capabilities {acceptInsecureCerts: false, browserName: chrome, browserVersion: 115.0.5790.173, chrome: {chromedriverVersion: 115.0.5790.170 (cc0d30c2ca5..., userDataDir: C:\Users\Aswin Prabu\AppDat...}, goog:chromeOptions: {debuggerAddress: localhost:62851}, networkConnectionEnabled: false, pageLoadStrategy: normal, platformName: windows, proxy: Proxy(), se:cdp: ws://localhost:62851/devtoo..., se:cdpVersion: 115.0.5790.173, setWindowRect: true, strictFileInteractability: false, timeouts: {implicit: 0, pageLoad: 300000, script: 30000}, unhandledPromptBehavior: dismiss and notify, webauthn:extension:credBlob: true, webauthn:extension:largeBlob: true, webauthn:extension:minPinLength: true, webauthn:extension:prf: true, webauthn:virtualAuthenticators: true}
Session ID: 6b175403ea52024c4f28944cdf1528a3">
<![CDATA[java.lang.AssertionError: no such element: Unable to locate element: {"method":"tag name","selector":"h1"}
  (Session info: chrome=115.0.5790.173)
For documentation on this error, please visit: https://www.selenium.dev/documentation/webdriver/troubleshooting/errors#no-such-element-exception
Build info: version: '4.11.0', revision: '040bc5406b'
System info: os.name: 'Windows 11', os.arch: 'amd64', os.version: '10.0', java.version: '17.0.8'
Driver info: org.openqa.selenium.chrome.ChromeDriver
Command: [6b175403ea52024c4f28944cdf1528a3, findElement {using=tag name, value=h1}]
Capabilities {acceptInsecureCerts: false, browserName: chrome, browserVersion: 115.0.5790.173, chrome: {chromedriverVersion: 115.0.5790.170 (cc0d30c2ca5..., userDataDir: C:\Users\Aswin Prabu\AppDat...}, goog:chromeOptions: {debuggerAddress: localhost:62851}, networkConnectionEnabled: false, pageLoadStrategy: normal, platformName: windows, proxy: Proxy(), se:cdp: ws://localhost:62851/devtoo..., se:cdpVersion: 115.0.5790.173, setWindowRect: true, strictFileInteractability: false, timeouts: {implicit: 0, pageLoad: 300000, script: 30000}, unhandledPromptBehavior: dismiss and notify, webauthn:extension:credBlob: true, webauthn:extension:largeBlob: true, webauthn:extension:minPinLength: true, webauthn:extension:prf: true, webauthn:virtualAuthenticators: true}
Session ID: 6b175403ea52024c4f28944cdf1528a3
	at org.junit.Assert.fail(Assert.java:89)
	at com.step_defintions.TestLoginSteps.user_verifies_the_successful_login_to_landing_page(TestLoginSteps.java:45)
	at âœ½.User verifies the successful login to landing page(file:///C:/Users/Aswin%20Prabu/Desktop/Framework/CucumberFramework/src/test/resources/Features/TestLogin.feature:5)
]]>
</failure>
<system-out><![CDATA[
Given User provides the "username" and "password"...........................passed
And User verifies the successful login to landing page......................failed
Then User clicks on logout and verifies the login page......................skipped
]]></system-out>
</testcase>
</testsuite>
